Determining if the pthread_create exist failed with the following output:
Change Dir: /home/lily/P1_Lidar_Obstacle_Detection/src/quiz/cluster/build/CMakeFiles/CMakeTmp

Run Build Command:"/usr/bin/make" "cmTC_97cf6/fast"
/usr/bin/make -f CMakeFiles/cmTC_97cf6.dir/build.make CMakeFiles/cmTC_97cf6.dir/build
make[1]: Entering directory '/home/lily/P1_Lidar_Obstacle_Detection/src/quiz/cluster/build/CMakeFiles/CMakeTmp'
Building C object CMakeFiles/cmTC_97cf6.dir/CheckSymbolExists.c.o
/usr/bin/cc    -o CMakeFiles/cmTC_97cf6.dir/CheckSymbolExists.c.o   -c /home/lily/P1_Lidar_Obstacle_Detection/src/quiz/cluster/build/CMakeFiles/CMakeTmp/CheckSymbolExists.c
Linking C executable cmTC_97cf6
/usr/bin/cmake -E cmake_link_script CMakeFiles/cmTC_97cf6.dir/link.txt --verbose=1
/usr/bin/cc      -rdynamic CMakeFiles/cmTC_97cf6.dir/CheckSymbolExists.c.o  -o cmTC_97cf6 
/usr/bin/ld: CMakeFiles/cmTC_97cf6.dir/CheckSymbolExists.c.o: in function `main':
CheckSymbolExists.c:(.text+0x1b): undefined reference to `pthread_create'
collect2: error: ld returned 1 exit status
make[1]: *** [CMakeFiles/cmTC_97cf6.dir/build.make:87: cmTC_97cf6] Error 1
make[1]: Leaving directory '/home/lily/P1_Lidar_Obstacle_Detection/src/quiz/cluster/build/CMakeFiles/CMakeTmp'
make: *** [Makefile:121: cmTC_97cf6/fast] Error 2

File /home/lily/P1_Lidar_Obstacle_Detection/src/quiz/cluster/build/CMakeFiles/CMakeTmp/CheckSymbolExists.c:
/* */
#include <pthread.h>

int main(int argc, char** argv)
{
  (void)argv;
#ifndef pthread_create
  return ((int*)(&pthread_create))[argc];
#else
  (void)argc;
  return 0;
#endif
}

Determining if the function pthread_create exists in the pthreads failed with the following output:
Change Dir: /home/lily/P1_Lidar_Obstacle_Detection/src/quiz/cluster/build/CMakeFiles/CMakeTmp

Run Build Command:"/usr/bin/make" "cmTC_6f1fe/fast"
/usr/bin/make -f CMakeFiles/cmTC_6f1fe.dir/build.make CMakeFiles/cmTC_6f1fe.dir/build
make[1]: Entering directory '/home/lily/P1_Lidar_Obstacle_Detection/src/quiz/cluster/build/CMakeFiles/CMakeTmp'
Building C object CMakeFiles/cmTC_6f1fe.dir/CheckFunctionExists.c.o
/usr/bin/cc   -DCHECK_FUNCTION_EXISTS=pthread_create   -o CMakeFiles/cmTC_6f1fe.dir/CheckFunctionExists.c.o   -c /usr/share/cmake-3.12/Modules/CheckFunctionExists.c
Linking C executable cmTC_6f1fe
/usr/bin/cmake -E cmake_link_script CMakeFiles/cmTC_6f1fe.dir/link.txt --verbose=1
/usr/bin/cc  -DCHECK_FUNCTION_EXISTS=pthread_create    -rdynamic CMakeFiles/cmTC_6f1fe.dir/CheckFunctionExists.c.o  -o cmTC_6f1fe -lpthreads 
/usr/bin/ld: cannot find -lpthreads
collect2: error: ld returned 1 exit status
make[1]: *** [CMakeFiles/cmTC_6f1fe.dir/build.make:87: cmTC_6f1fe] Error 1
make[1]: Leaving directory '/home/lily/P1_Lidar_Obstacle_Detection/src/quiz/cluster/build/CMakeFiles/CMakeTmp'
make: *** [Makefile:121: cmTC_6f1fe/fast] Error 2


