Determining if the pthread_create exist failed with the following output:
Change Dir: /home/lily/P1_Lidar_Obstacle_Detection/build/CMakeFiles/CMakeTmp

Run Build Command:"/usr/bin/make" "cmTC_2059d/fast"
/usr/bin/make -f CMakeFiles/cmTC_2059d.dir/build.make CMakeFiles/cmTC_2059d.dir/build
make[1]: Entering directory '/home/lily/P1_Lidar_Obstacle_Detection/build/CMakeFiles/CMakeTmp'
Building C object CMakeFiles/cmTC_2059d.dir/CheckSymbolExists.c.o
/usr/bin/cc    -o CMakeFiles/cmTC_2059d.dir/CheckSymbolExists.c.o   -c /home/lily/P1_Lidar_Obstacle_Detection/build/CMakeFiles/CMakeTmp/CheckSymbolExists.c
Linking C executable cmTC_2059d
/usr/bin/cmake -E cmake_link_script CMakeFiles/cmTC_2059d.dir/link.txt --verbose=1
/usr/bin/cc      -rdynamic CMakeFiles/cmTC_2059d.dir/CheckSymbolExists.c.o  -o cmTC_2059d 
/usr/bin/ld: CMakeFiles/cmTC_2059d.dir/CheckSymbolExists.c.o: in function `main':
CheckSymbolExists.c:(.text+0x1b): undefined reference to `pthread_create'
collect2: error: ld returned 1 exit status
make[1]: *** [CMakeFiles/cmTC_2059d.dir/build.make:87: cmTC_2059d] Error 1
make[1]: Leaving directory '/home/lily/P1_Lidar_Obstacle_Detection/build/CMakeFiles/CMakeTmp'
make: *** [Makefile:121: cmTC_2059d/fast] Error 2

File /home/lily/P1_Lidar_Obstacle_Detection/build/CMakeFiles/CMakeTmp/CheckSymbolExists.c:
/* */
#include <pthread.h>

int main(int argc, char** argv)
{
  (void)argv;
#ifndef pthread_create
  return ((int*)(&pthread_create))[argc];
#else
  (void)argc;
  return 0;
#endif
}

Determining if the function pthread_create exists in the pthreads failed with the following output:
Change Dir: /home/lily/P1_Lidar_Obstacle_Detection/build/CMakeFiles/CMakeTmp

Run Build Command:"/usr/bin/make" "cmTC_be274/fast"
/usr/bin/make -f CMakeFiles/cmTC_be274.dir/build.make CMakeFiles/cmTC_be274.dir/build
make[1]: Entering directory '/home/lily/P1_Lidar_Obstacle_Detection/build/CMakeFiles/CMakeTmp'
Building C object CMakeFiles/cmTC_be274.dir/CheckFunctionExists.c.o
/usr/bin/cc   -DCHECK_FUNCTION_EXISTS=pthread_create   -o CMakeFiles/cmTC_be274.dir/CheckFunctionExists.c.o   -c /usr/share/cmake-3.12/Modules/CheckFunctionExists.c
Linking C executable cmTC_be274
/usr/bin/cmake -E cmake_link_script CMakeFiles/cmTC_be274.dir/link.txt --verbose=1
/usr/bin/cc  -DCHECK_FUNCTION_EXISTS=pthread_create    -rdynamic CMakeFiles/cmTC_be274.dir/CheckFunctionExists.c.o  -o cmTC_be274 -lpthreads 
/usr/bin/ld: cannot find -lpthreads
collect2: error: ld returned 1 exit status
make[1]: *** [CMakeFiles/cmTC_be274.dir/build.make:87: cmTC_be274] Error 1
make[1]: Leaving directory '/home/lily/P1_Lidar_Obstacle_Detection/build/CMakeFiles/CMakeTmp'
make: *** [Makefile:121: cmTC_be274/fast] Error 2


